This file contains any messages produced by compilers while
running configure, to aid debugging if configure makes a mistake.

It was created by libconfig configure 1.4.8, which was
generated by GNU Autoconf 2.67.  Invocation command line was

  $ ./configure 

## --------- ##
## Platform. ##
## --------- ##

hostname = hac
uname -m = x86_64
uname -r = 3.2.0-24-virtual
uname -s = Linux
uname -v = #37-Ubuntu SMP Wed Apr 25 10:17:19 UTC 2012

/usr/bin/uname -p = unknown
/bin/uname -X     = unknown

/bin/arch              = unknown
/usr/bin/arch -k       = unknown
/usr/convex/getsysinfo = unknown
/usr/bin/hostinfo      = unknown
/bin/machine           = unknown
/usr/bin/oslevel       = unknown
/bin/universe          = unknown

PATH: /usr/local/sbin
PATH: /usr/local/bin
PATH: /usr/sbin
PATH: /usr/bin
PATH: /sbin
PATH: /bin
PATH: /usr/games


## ----------- ##
## Core tests. ##
## ----------- ##

configure:2361: checking build system type
configure:2375: result: x86_64-unknown-linux-gnu
configure:2395: checking host system type
configure:2408: result: x86_64-unknown-linux-gnu
configure:2428: checking target system type
configure:2441: result: x86_64-unknown-linux-gnu
configure:2483: checking for a BSD-compatible install
configure:2551: result: /usr/bin/install -c
configure:2562: checking whether build environment is sane
configure:2612: result: yes
configure:2753: checking for a thread-safe mkdir -p
configure:2792: result: /bin/mkdir -p
configure:2805: checking for gawk
configure:2835: result: no
configure:2805: checking for mawk
configure:2821: found /usr/bin/mawk
configure:2832: result: mawk
configure:2843: checking whether make sets $(MAKE)
configure:2865: result: yes
configure:2948: libconfig - made with pride in California
configure:2971: checking for style of include used by make
configure:2999: result: GNU
configure:3069: checking for gcc
configure:3085: found /usr/bin/gcc
configure:3096: result: gcc
configure:3325: checking for C compiler version
configure:3334: gcc --version >&5
gcc (Ubuntu/Linaro 4.6.3-1ubuntu5) 4.6.3
Copyright (C) 2011 Free Software Foundation, Inc.
This is free software; see the source for copying conditions.  There is NO
warranty; not even for MERCHANTABILITY or FITNESS FOR A PARTICULAR PURPOSE.

configure:3345: $? = 0
configure:3334: gcc -v >&5
Using built-in specs.
COLLECT_GCC=gcc
COLLECT_LTO_WRAPPER=/usr/lib/gcc/x86_64-linux-gnu/4.6/lto-wrapper
Target: x86_64-linux-gnu
Configured with: ../src/configure -v --with-pkgversion='Ubuntu/Linaro 4.6.3-1ubuntu5' --with-bugurl=file:///usr/share/doc/gcc-4.6/README.Bugs --enable-languages=c,c++,fortran,objc,obj-c++ --prefix=/usr --program-suffix=-4.6 --enable-shared --enable-linker-build-id --with-system-zlib --libexecdir=/usr/lib --without-included-gettext --enable-threads=posix --with-gxx-include-dir=/usr/include/c++/4.6 --libdir=/usr/lib --enable-nls --with-sysroot=/ --enable-clocale=gnu --enable-libstdcxx-debug --enable-libstdcxx-time=yes --enable-gnu-unique-object --enable-plugin --enable-objc-gc --disable-werror --with-arch-32=i686 --with-tune=generic --enable-checking=release --build=x86_64-linux-gnu --host=x86_64-linux-gnu --target=x86_64-linux-gnu
Thread model: posix
gcc version 4.6.3 (Ubuntu/Linaro 4.6.3-1ubuntu5) 
configure:3345: $? = 0
configure:3334: gcc -V >&5
gcc: error: unrecognized option '-V'
gcc: fatal error: no input files
compilation terminated.
configure:3345: $? = 4
configure:3334: gcc -qversion >&5
gcc: error: unrecognized option '-qversion'
gcc: fatal error: no input files
compilation terminated.
configure:3345: $? = 4
configure:3365: checking whether the C compiler works
configure:3387: gcc    conftest.c  >&5
configure:3391: $? = 0
configure:3439: result: yes
configure:3442: checking for C compiler default output file name
configure:3444: result: a.out
configure:3450: checking for suffix of executables
configure:3457: gcc -o conftest    conftest.c  >&5
configure:3461: $? = 0
configure:3483: result: 
configure:3505: checking whether we are cross compiling
configure:3513: gcc -o conftest    conftest.c  >&5
configure:3517: $? = 0
configure:3524: ./conftest
configure:3528: $? = 0
configure:3543: result: no
configure:3548: checking for suffix of object files
configure:3570: gcc -c   conftest.c >&5
configure:3574: $? = 0
configure:3595: result: o
configure:3599: checking whether we are using the GNU C compiler
configure:3618: gcc -c   conftest.c >&5
configure:3618: $? = 0
configure:3627: result: yes
configure:3636: checking whether gcc accepts -g
configure:3656: gcc -c -g  conftest.c >&5
configure:3656: $? = 0
configure:3697: result: yes
configure:3714: checking for gcc option to accept ISO C89
configure:3778: gcc  -c -g -O2  conftest.c >&5
configure:3778: $? = 0
configure:3791: result: none needed
configure:3813: checking dependency style of gcc
configure:3923: result: gcc3
configure:3944: checking how to run the C preprocessor
configure:3975: gcc -E  conftest.c
configure:3975: $? = 0
configure:3989: gcc -E  conftest.c
conftest.c:12:28: fatal error: ac_nonexistent.h: No such file or directory
compilation terminated.
configure:3989: $? = 1
configure: failed program was:
| /* confdefs.h */
| #define PACKAGE_NAME "libconfig"
| #define PACKAGE_TARNAME "libconfig"
| #define PACKAGE_VERSION "1.4.8"
| #define PACKAGE_STRING "libconfig 1.4.8"
| #define PACKAGE_BUGREPORT "hyperrealm@gmail.com"
| #define PACKAGE_URL "http://www.hyperrealm.com/main.php?s=libconfig"
| #define PACKAGE "libconfig"
| #define VERSION "1.4.8"
| #define TARGET "x86_64-unknown-linux-gnu"
| /* end confdefs.h.  */
| #include <ac_nonexistent.h>
configure:4014: result: gcc -E
configure:4034: gcc -E  conftest.c
configure:4034: $? = 0
configure:4048: gcc -E  conftest.c
conftest.c:12:28: fatal error: ac_nonexistent.h: No such file or directory
compilation terminated.
configure:4048: $? = 1
configure: failed program was:
| /* confdefs.h */
| #define PACKAGE_NAME "libconfig"
| #define PACKAGE_TARNAME "libconfig"
| #define PACKAGE_VERSION "1.4.8"
| #define PACKAGE_STRING "libconfig 1.4.8"
| #define PACKAGE_BUGREPORT "hyperrealm@gmail.com"
| #define PACKAGE_URL "http://www.hyperrealm.com/main.php?s=libconfig"
| #define PACKAGE "libconfig"
| #define VERSION "1.4.8"
| #define TARGET "x86_64-unknown-linux-gnu"
| /* end confdefs.h.  */
| #include <ac_nonexistent.h>
configure:4077: checking for grep that handles long lines and -e
configure:4135: result: /bin/grep
configure:4140: checking for egrep
configure:4202: result: /bin/grep -E
configure:4207: checking for ANSI C header files
configure:4227: gcc -c -g -O2  conftest.c >&5
configure:4227: $? = 0
configure:4300: gcc -o conftest -g -O2   conftest.c  >&5
configure:4300: $? = 0
configure:4300: ./conftest
configure:4300: $? = 0
configure:4311: result: yes
configure:4324: checking for sys/types.h
configure:4324: gcc -c -g -O2  conftest.c >&5
configure:4324: $? = 0
configure:4324: result: yes
configure:4324: checking for sys/stat.h
configure:4324: gcc -c -g -O2  conftest.c >&5
configure:4324: $? = 0
configure:4324: result: yes
configure:4324: checking for stdlib.h
configure:4324: gcc -c -g -O2  conftest.c >&5
configure:4324: $? = 0
configure:4324: result: yes
configure:4324: checking for string.h
configure:4324: gcc -c -g -O2  conftest.c >&5
configure:4324: $? = 0
configure:4324: result: yes
configure:4324: checking for memory.h
configure:4324: gcc -c -g -O2  conftest.c >&5
configure:4324: $? = 0
configure:4324: result: yes
configure:4324: checking for strings.h
configure:4324: gcc -c -g -O2  conftest.c >&5
configure:4324: $? = 0
configure:4324: result: yes
configure:4324: checking for inttypes.h
configure:4324: gcc -c -g -O2  conftest.c >&5
configure:4324: $? = 0
configure:4324: result: yes
configure:4324: checking for stdint.h
configure:4324: gcc -c -g -O2  conftest.c >&5
configure:4324: $? = 0
configure:4324: result: yes
configure:4324: checking for unistd.h
configure:4324: gcc -c -g -O2  conftest.c >&5
configure:4324: $? = 0
configure:4324: result: yes
configure:4337: checking minix/config.h usability
configure:4337: gcc -c -g -O2  conftest.c >&5
conftest.c:55:26: fatal error: minix/config.h: No such file or directory
compilation terminated.
configure:4337: $? = 1
configure: failed program was:
| /* confdefs.h */
| #define PACKAGE_NAME "libconfig"
| #define PACKAGE_TARNAME "libconfig"
| #define PACKAGE_VERSION "1.4.8"
| #define PACKAGE_STRING "libconfig 1.4.8"
| #define PACKAGE_BUGREPORT "hyperrealm@gmail.com"
| #define PACKAGE_URL "http://www.hyperrealm.com/main.php?s=libconfig"
| #define PACKAGE "libconfig"
| #define VERSION "1.4.8"
| #define TARGET "x86_64-unknown-linux-gnu"
| #define STDC_HEADERS 1
| #define HAVE_SYS_TYPES_H 1
| #define HAVE_SYS_STAT_H 1
| #define HAVE_STDLIB_H 1
| #define HAVE_STRING_H 1
| #define HAVE_MEMORY_H 1
| #define HAVE_STRINGS_H 1
| #define HAVE_INTTYPES_H 1
| #define HAVE_STDINT_H 1
| #define HAVE_UNISTD_H 1
| /* end confdefs.h.  */
| #include <stdio.h>
| #ifdef HAVE_SYS_TYPES_H
| # include <sys/types.h>
| #endif
| #ifdef HAVE_SYS_STAT_H
| # include <sys/stat.h>
| #endif
| #ifdef STDC_HEADERS
| # include <stdlib.h>
| # include <stddef.h>
| #else
| # ifdef HAVE_STDLIB_H
| #  include <stdlib.h>
| # endif
| #endif
| #ifdef HAVE_STRING_H
| # if !defined STDC_HEADERS && defined HAVE_MEMORY_H
| #  include <memory.h>
| # endif
| # include <string.h>
| #endif
| #ifdef HAVE_STRINGS_H
| # include <strings.h>
| #endif
| #ifdef HAVE_INTTYPES_H
| # include <inttypes.h>
| #endif
| #ifdef HAVE_STDINT_H
| # include <stdint.h>
| #endif
| #ifdef HAVE_UNISTD_H
| # include <unistd.h>
| #endif
| #include <minix/config.h>
configure:4337: result: no
configure:4337: checking minix/config.h presence
configure:4337: gcc -E  conftest.c
conftest.c:22:26: fatal error: minix/config.h: No such file or directory
compilation terminated.
configure:4337: $? = 1
configure: failed program was:
| /* confdefs.h */
| #define PACKAGE_NAME "libconfig"
| #define PACKAGE_TARNAME "libconfig"
| #define PACKAGE_VERSION "1.4.8"
| #define PACKAGE_STRING "libconfig 1.4.8"
| #define PACKAGE_BUGREPORT "hyperrealm@gmail.com"
| #define PACKAGE_URL "http://www.hyperrealm.com/main.php?s=libconfig"
| #define PACKAGE "libconfig"
| #define VERSION "1.4.8"
| #define TARGET "x86_64-unknown-linux-gnu"
| #define STDC_HEADERS 1
| #define HAVE_SYS_TYPES_H 1
| #define HAVE_SYS_STAT_H 1
| #define HAVE_STDLIB_H 1
| #define HAVE_STRING_H 1
| #define HAVE_MEMORY_H 1
| #define HAVE_STRINGS_H 1
| #define HAVE_INTTYPES_H 1
| #define HAVE_STDINT_H 1
| #define HAVE_UNISTD_H 1
| /* end confdefs.h.  */
| #include <minix/config.h>
configure:4337: result: no
configure:4337: checking for minix/config.h
configure:4337: result: no
configure:4358: checking whether it is safe to define __EXTENSIONS__
configure:4376: gcc -c -g -O2  conftest.c >&5
configure:4376: $? = 0
configure:4383: result: yes
configure:4445: checking how to print strings
configure:4472: result: printf
configure:4493: checking for a sed that does not truncate output
configure:4557: result: /bin/sed
configure:4575: checking for fgrep
configure:4637: result: /bin/grep -F
configure:4672: checking for ld used by gcc
configure:4739: result: /usr/bin/ld
configure:4746: checking if the linker (/usr/bin/ld) is GNU ld
configure:4761: result: yes
configure:4773: checking for BSD- or MS-compatible name lister (nm)
configure:4822: result: /usr/bin/nm -B
configure:4952: checking the name lister (/usr/bin/nm -B) interface
configure:4959: gcc -c -g -O2  conftest.c >&5
configure:4962: /usr/bin/nm -B "conftest.o"
configure:4965: output
0000000000000000 B some_variable
configure:4972: result: BSD nm
configure:4975: checking whether ln -s works
configure:4979: result: yes
configure:4987: checking the maximum length of command line arguments
configure:5112: result: 1572864
configure:5129: checking whether the shell understands some XSI constructs
configure:5139: result: yes
configure:5143: checking whether the shell understands "+="
configure:5149: result: yes
configure:5184: checking for /usr/bin/ld option to reload object files
configure:5191: result: -r
configure:5260: checking for objdump
configure:5276: found /usr/bin/objdump
configure:5287: result: objdump
configure:5319: checking how to recognize dependent libraries
configure:5521: result: pass_all
configure:5581: checking for ar
configure:5597: found /usr/bin/ar
configure:5608: result: ar
configure:5686: checking for strip
configure:5702: found /usr/bin/strip
configure:5713: result: strip
configure:5785: checking for ranlib
configure:5801: found /usr/bin/ranlib
configure:5812: result: ranlib
configure:5914: checking command to parse /usr/bin/nm -B output from gcc object
configure:6032: gcc -c -g -O2  conftest.c >&5
configure:6035: $? = 0
configure:6039: /usr/bin/nm -B conftest.o \| sed -n -e 's/^.*[ ]\([ABCDGIRSTW][ABCDGIRSTW]*\)[ ][ ]*\([_A-Za-z][_A-Za-z0-9]*\)$/\1 \2 \2/p' \> conftest.nm
configure:6042: $? = 0
configure:6096: gcc -o conftest -g -O2   conftest.c conftstm.o >&5
configure:6099: $? = 0
configure:6137: result: ok
configure:6232: gcc -c -g -O2  conftest.c >&5
configure:6235: $? = 0
configure:6974: checking for dlfcn.h
configure:6974: gcc -c -g -O2  conftest.c >&5
configure:6974: $? = 0
configure:6974: result: yes
configure:7161: checking for objdir
configure:7176: result: .libs
configure:7443: checking if gcc supports -fno-rtti -fno-exceptions
configure:7461: gcc -c -g -O2  -fno-rtti -fno-exceptions conftest.c >&5
cc1: warning: command line option '-fno-rtti' is valid for C++/ObjC++ but not for C [enabled by default]
configure:7465: $? = 0
configure:7478: result: no
configure:7498: checking for gcc option to produce PIC
configure:7783: result: -fPIC -DPIC
configure:7795: checking if gcc PIC flag -fPIC -DPIC works
configure:7813: gcc -c -g -O2  -fPIC -DPIC -DPIC conftest.c >&5
configure:7817: $? = 0
configure:7830: result: yes
configure:7854: checking if gcc static flag -static works
configure:7882: result: yes
configure:7897: checking if gcc supports -c -o file.o
configure:7918: gcc -c -g -O2  -o out/conftest2.o conftest.c >&5
configure:7922: $? = 0
configure:7944: result: yes
configure:7952: checking if gcc supports -c -o file.o
configure:7999: result: yes
configure:8032: checking whether the gcc linker (/usr/bin/ld -m elf_x86_64) supports shared libraries
configure:9107: result: yes
configure:9144: checking whether -lc should be explicitly linked in
configure:9152: gcc -c -g -O2  conftest.c >&5
configure:9155: $? = 0
configure:9170: gcc -shared conftest.o  -v -Wl,-soname -Wl,conftest -o conftest 2\>\&1 \| /bin/grep  -lc  \>/dev/null 2\>\&1
configure:9173: $? = 0
configure:9187: result: no
configure:9352: checking dynamic linker characteristics
configure:9807: gcc -o conftest -g -O2   -Wl,-rpath -Wl,/foo conftest.c  >&5
configure:9807: $? = 0
configure:10029: result: GNU/Linux ld.so
configure:10136: checking how to hardcode library paths into programs
configure:10161: result: immediate
configure:10701: checking whether stripping libraries is possible
configure:10706: result: yes
configure:10741: checking if libtool supports shared libraries
configure:10743: result: yes
configure:10746: checking whether to build shared libraries
configure:10767: result: yes
configure:10770: checking whether to build static libraries
configure:10774: result: yes
configure:10858: checking for gcc
configure:10885: result: gcc
configure:11114: checking for C compiler version
configure:11123: gcc --version >&5
gcc (Ubuntu/Linaro 4.6.3-1ubuntu5) 4.6.3
Copyright (C) 2011 Free Software Foundation, Inc.
This is free software; see the source for copying conditions.  There is NO
warranty; not even for MERCHANTABILITY or FITNESS FOR A PARTICULAR PURPOSE.

configure:11134: $? = 0
configure:11123: gcc -v >&5
Using built-in specs.
COLLECT_GCC=gcc
COLLECT_LTO_WRAPPER=/usr/lib/gcc/x86_64-linux-gnu/4.6/lto-wrapper
Target: x86_64-linux-gnu
Configured with: ../src/configure -v --with-pkgversion='Ubuntu/Linaro 4.6.3-1ubuntu5' --with-bugurl=file:///usr/share/doc/gcc-4.6/README.Bugs --enable-languages=c,c++,fortran,objc,obj-c++ --prefix=/usr --program-suffix=-4.6 --enable-shared --enable-linker-build-id --with-system-zlib --libexecdir=/usr/lib --without-included-gettext --enable-threads=posix --with-gxx-include-dir=/usr/include/c++/4.6 --libdir=/usr/lib --enable-nls --with-sysroot=/ --enable-clocale=gnu --enable-libstdcxx-debug --enable-libstdcxx-time=yes --enable-gnu-unique-object --enable-plugin --enable-objc-gc --disable-werror --with-arch-32=i686 --with-tune=generic --enable-checking=release --build=x86_64-linux-gnu --host=x86_64-linux-gnu --target=x86_64-linux-gnu
Thread model: posix
gcc version 4.6.3 (Ubuntu/Linaro 4.6.3-1ubuntu5) 
configure:11134: $? = 0
configure:11123: gcc -V >&5
gcc: error: unrecognized option '-V'
gcc: fatal error: no input files
compilation terminated.
configure:11134: $? = 4
configure:11123: gcc -qversion >&5
gcc: error: unrecognized option '-qversion'
gcc: fatal error: no input files
compilation terminated.
configure:11134: $? = 4
configure:11138: checking whether we are using the GNU C compiler
configure:11166: result: yes
configure:11175: checking whether gcc accepts -g
configure:11236: result: yes
configure:11253: checking for gcc option to accept ISO C89
configure:11330: result: none needed
configure:11352: checking dependency style of gcc
configure:11462: result: gcc3
configure:11478: checking whether gcc and cc understand -c and -o together
configure:11509: gcc -c conftest.c -o conftest2.o >&5
configure:11513: $? = 0
configure:11519: gcc -c conftest.c -o conftest2.o >&5
configure:11523: $? = 0
configure:11534: cc -c conftest.c >&5
configure:11538: $? = 0
configure:11546: cc -c conftest.c -o conftest2.o >&5
configure:11550: $? = 0
configure:11556: cc -c conftest.c -o conftest2.o >&5
configure:11560: $? = 0
configure:11578: result: yes
configure:11661: checking for g++
configure:11677: found /usr/bin/g++
configure:11688: result: g++
configure:11715: checking for C++ compiler version
configure:11724: g++ --version >&5
g++ (Ubuntu/Linaro 4.6.3-1ubuntu5) 4.6.3
Copyright (C) 2011 Free Software Foundation, Inc.
This is free software; see the source for copying conditions.  There is NO
warranty; not even for MERCHANTABILITY or FITNESS FOR A PARTICULAR PURPOSE.

configure:11735: $? = 0
configure:11724: g++ -v >&5
Using built-in specs.
COLLECT_GCC=g++
COLLECT_LTO_WRAPPER=/usr/lib/gcc/x86_64-linux-gnu/4.6/lto-wrapper
Target: x86_64-linux-gnu
Configured with: ../src/configure -v --with-pkgversion='Ubuntu/Linaro 4.6.3-1ubuntu5' --with-bugurl=file:///usr/share/doc/gcc-4.6/README.Bugs --enable-languages=c,c++,fortran,objc,obj-c++ --prefix=/usr --program-suffix=-4.6 --enable-shared --enable-linker-build-id --with-system-zlib --libexecdir=/usr/lib --without-included-gettext --enable-threads=posix --with-gxx-include-dir=/usr/include/c++/4.6 --libdir=/usr/lib --enable-nls --with-sysroot=/ --enable-clocale=gnu --enable-libstdcxx-debug --enable-libstdcxx-time=yes --enable-gnu-unique-object --enable-plugin --enable-objc-gc --disable-werror --with-arch-32=i686 --with-tune=generic --enable-checking=release --build=x86_64-linux-gnu --host=x86_64-linux-gnu --target=x86_64-linux-gnu
Thread model: posix
gcc version 4.6.3 (Ubuntu/Linaro 4.6.3-1ubuntu5) 
configure:11735: $? = 0
configure:11724: g++ -V >&5
g++: error: unrecognized option '-V'
g++: fatal error: no input files
compilation terminated.
configure:11735: $? = 4
configure:11724: g++ -qversion >&5
g++: error: unrecognized option '-qversion'
g++: fatal error: no input files
compilation terminated.
configure:11735: $? = 4
configure:11739: checking whether we are using the GNU C++ compiler
configure:11758: g++ -c   conftest.cpp >&5
configure:11758: $? = 0
configure:11767: result: yes
configure:11776: checking whether g++ accepts -g
configure:11796: g++ -c -g  conftest.cpp >&5
configure:11796: $? = 0
configure:11837: result: yes
configure:11862: checking dependency style of g++
configure:11972: result: gcc3
configure:11995: checking how to run the C++ preprocessor
configure:12022: g++ -E  conftest.cpp
configure:12022: $? = 0
configure:12036: g++ -E  conftest.cpp
conftest.cpp:29:28: fatal error: ac_nonexistent.h: No such file or directory
compilation terminated.
configure:12036: $? = 1
configure: failed program was:
| /* confdefs.h */
| #define PACKAGE_NAME "libconfig"
| #define PACKAGE_TARNAME "libconfig"
| #define PACKAGE_VERSION "1.4.8"
| #define PACKAGE_STRING "libconfig 1.4.8"
| #define PACKAGE_BUGREPORT "hyperrealm@gmail.com"
| #define PACKAGE_URL "http://www.hyperrealm.com/main.php?s=libconfig"
| #define PACKAGE "libconfig"
| #define VERSION "1.4.8"
| #define TARGET "x86_64-unknown-linux-gnu"
| #define STDC_HEADERS 1
| #define HAVE_SYS_TYPES_H 1
| #define HAVE_SYS_STAT_H 1
| #define HAVE_STDLIB_H 1
| #define HAVE_STRING_H 1
| #define HAVE_MEMORY_H 1
| #define HAVE_STRINGS_H 1
| #define HAVE_INTTYPES_H 1
| #define HAVE_STDINT_H 1
| #define HAVE_UNISTD_H 1
| #define __EXTENSIONS__ 1
| #define _ALL_SOURCE 1
| #define _GNU_SOURCE 1
| #define _POSIX_PTHREAD_SEMANTICS 1
| #define _TANDEM_SOURCE 1
| #define HAVE_DLFCN_H 1
| #define LT_OBJDIR ".libs/"
| /* end confdefs.h.  */
| #include <ac_nonexistent.h>
configure:12061: result: g++ -E
configure:12081: g++ -E  conftest.cpp
configure:12081: $? = 0
configure:12095: g++ -E  conftest.cpp
conftest.cpp:29:28: fatal error: ac_nonexistent.h: No such file or directory
compilation terminated.
configure:12095: $? = 1
configure: failed program was:
| /* confdefs.h */
| #define PACKAGE_NAME "libconfig"
| #define PACKAGE_TARNAME "libconfig"
| #define PACKAGE_VERSION "1.4.8"
| #define PACKAGE_STRING "libconfig 1.4.8"
| #define PACKAGE_BUGREPORT "hyperrealm@gmail.com"
| #define PACKAGE_URL "http://www.hyperrealm.com/main.php?s=libconfig"
| #define PACKAGE "libconfig"
| #define VERSION "1.4.8"
| #define TARGET "x86_64-unknown-linux-gnu"
| #define STDC_HEADERS 1
| #define HAVE_SYS_TYPES_H 1
| #define HAVE_SYS_STAT_H 1
| #define HAVE_STDLIB_H 1
| #define HAVE_STRING_H 1
| #define HAVE_MEMORY_H 1
| #define HAVE_STRINGS_H 1
| #define HAVE_INTTYPES_H 1
| #define HAVE_STDINT_H 1
| #define HAVE_UNISTD_H 1
| #define __EXTENSIONS__ 1
| #define _ALL_SOURCE 1
| #define _GNU_SOURCE 1
| #define _POSIX_PTHREAD_SEMANTICS 1
| #define _TANDEM_SOURCE 1
| #define HAVE_DLFCN_H 1
| #define LT_OBJDIR ".libs/"
| /* end confdefs.h.  */
| #include <ac_nonexistent.h>
configure:12263: checking for ld used by g++
configure:12330: result: /usr/bin/ld -m elf_x86_64
configure:12337: checking if the linker (/usr/bin/ld -m elf_x86_64) is GNU ld
configure:12352: result: yes
configure:12407: checking whether the g++ linker (/usr/bin/ld -m elf_x86_64) supports shared libraries
configure:13339: result: yes
configure:13367: g++ -c -g -O2  conftest.cpp >&5
configure:13370: $? = 0
configure:13552: checking for g++ option to produce PIC
configure:13874: result: -fPIC -DPIC
configure:13883: checking if g++ PIC flag -fPIC -DPIC works
configure:13901: g++ -c -g -O2  -fPIC -DPIC -DPIC conftest.cpp >&5
configure:13905: $? = 0
configure:13918: result: yes
configure:13939: checking if g++ static flag -static works
configure:13967: result: yes
configure:13979: checking if g++ supports -c -o file.o
configure:14000: g++ -c -g -O2  -o out/conftest2.o conftest.cpp >&5
configure:14004: $? = 0
configure:14026: result: yes
configure:14031: checking if g++ supports -c -o file.o
configure:14078: result: yes
configure:14108: checking whether the g++ linker (/usr/bin/ld -m elf_x86_64) supports shared libraries
configure:14136: result: yes
configure:14279: checking dynamic linker characteristics
configure:14890: result: GNU/Linux ld.so
configure:14943: checking how to hardcode library paths into programs
configure:14968: result: immediate
configure:15313: checking for flex
configure:15343: result: no
configure:15313: checking for lex
configure:15343: result: no
configure:15483: checking for bison
configure:15513: result: no
configure:15483: checking for byacc
configure:15513: result: no
configure:15532: checking for compiler switch to enable full C/C++ warnings
configure:15550: result: -Wall -Wshadow -Wextra -Wdeclaration-after-statement -Wno-unused-parameter, -Wall -Wshadow -Wextra -Wno-unused-parameter
configure:15558: checking for ANSI C header files
configure:15662: result: yes
configure:15673: checking for unistd.h
configure:15673: result: yes
configure:15673: checking for stdint.h
configure:15673: result: yes
configure:15673: checking xlocale.h usability
configure:15673: gcc -c -g -O2 -Wall -Wshadow -Wextra -Wdeclaration-after-statement -Wno-unused-parameter  conftest.c >&5
configure:15673: $? = 0
configure:15673: result: yes
configure:15673: checking xlocale.h presence
configure:15673: gcc -E  conftest.c
configure:15673: $? = 0
configure:15673: result: yes
configure:15673: checking for xlocale.h
configure:15673: result: yes
configure:15684: checking for an ANSI C-conforming const
configure:15749: gcc -c -g -O2 -Wall -Wshadow -Wextra -Wdeclaration-after-statement -Wno-unused-parameter  conftest.c >&5
conftest.c: In function 'main':
conftest.c:62:10: warning: 't' is used uninitialized in this function [-Wuninitialized]
configure:15749: $? = 0
configure:15756: result: yes
configure:15769: checking for newlocale
configure:15769: gcc -o conftest -g -O2 -Wall -Wshadow -Wextra -Wdeclaration-after-statement -Wno-unused-parameter   conftest.c  >&5
configure:15769: $? = 0
configure:15769: result: yes
configure:15769: checking for uselocale
configure:15769: gcc -o conftest -g -O2 -Wall -Wshadow -Wextra -Wdeclaration-after-statement -Wno-unused-parameter   conftest.c  >&5
configure:15769: $? = 0
configure:15769: result: yes
configure:15769: checking for freelocale
configure:15769: gcc -o conftest -g -O2 -Wall -Wshadow -Wextra -Wdeclaration-after-statement -Wno-unused-parameter   conftest.c  >&5
configure:15769: $? = 0
configure:15769: result: yes
configure:15981: creating ./config.status

## ---------------------- ##
## Running config.status. ##
## ---------------------- ##

This file was extended by libconfig config.status 1.4.8, which was
generated by GNU Autoconf 2.67.  Invocation command line was

  CONFIG_FILES    = 
  CONFIG_HEADERS  = 
  CONFIG_LINKS    = 
  CONFIG_COMMANDS = 
  $ ./config.status 

on hac

config.status:1178: creating Makefile
config.status:1178: creating lib/Makefile
config.status:1178: creating lib/libconfig.pc
config.status:1178: creating lib/libconfig++.pc
config.status:1178: creating doc/Makefile
config.status:1178: creating examples/Makefile
config.status:1178: creating examples/c/Makefile
config.status:1178: creating examples/c++/Makefile
config.status:1178: creating tinytest/Makefile
config.status:1178: creating tests/Makefile
config.status:1178: creating libconfig.spec
config.status:1178: creating ac_config.h
config.status:1358: ac_config.h is unchanged
config.status:1406: executing depfiles commands
config.status:1406: executing libtool commands

## ---------------- ##
## Cache variables. ##
## ---------------- ##

ac_cv_build=x86_64-unknown-linux-gnu
ac_cv_c_compiler_gnu=yes
ac_cv_c_const=yes
ac_cv_cxx_compiler_gnu=yes
ac_cv_env_CCC_set=
ac_cv_env_CCC_value=
ac_cv_env_CC_set=
ac_cv_env_CC_value=
ac_cv_env_CFLAGS_set=
ac_cv_env_CFLAGS_value=
ac_cv_env_CPPFLAGS_set=
ac_cv_env_CPPFLAGS_value=
ac_cv_env_CPP_set=
ac_cv_env_CPP_value=
ac_cv_env_CXXCPP_set=
ac_cv_env_CXXCPP_value=
ac_cv_env_CXXFLAGS_set=
ac_cv_env_CXXFLAGS_value=
ac_cv_env_CXX_set=
ac_cv_env_CXX_value=
ac_cv_env_LDFLAGS_set=
ac_cv_env_LDFLAGS_value=
ac_cv_env_LIBS_set=
ac_cv_env_LIBS_value=
ac_cv_env_YACC_set=
ac_cv_env_YACC_value=
ac_cv_env_YFLAGS_set=
ac_cv_env_YFLAGS_value=
ac_cv_env_build_alias_set=
ac_cv_env_build_alias_value=
ac_cv_env_host_alias_set=
ac_cv_env_host_alias_value=
ac_cv_env_target_alias_set=
ac_cv_env_target_alias_value=
ac_cv_func_freelocale=yes
ac_cv_func_newlocale=yes
ac_cv_func_uselocale=yes
ac_cv_header_dlfcn_h=yes
ac_cv_header_inttypes_h=yes
ac_cv_header_memory_h=yes
ac_cv_header_minix_config_h=no
ac_cv_header_stdc=yes
ac_cv_header_stdint_h=yes
ac_cv_header_stdlib_h=yes
ac_cv_header_string_h=yes
ac_cv_header_strings_h=yes
ac_cv_header_sys_stat_h=yes
ac_cv_header_sys_types_h=yes
ac_cv_header_unistd_h=yes
ac_cv_header_xlocale_h=yes
ac_cv_host=x86_64-unknown-linux-gnu
ac_cv_objext=o
ac_cv_path_EGREP='/bin/grep -E'
ac_cv_path_FGREP='/bin/grep -F'
ac_cv_path_GREP=/bin/grep
ac_cv_path_SED=/bin/sed
ac_cv_path_install='/usr/bin/install -c'
ac_cv_path_mkdir=/bin/mkdir
ac_cv_prog_AWK=mawk
ac_cv_prog_CPP='gcc -E'
ac_cv_prog_CXXCPP='g++ -E'
ac_cv_prog_ac_ct_AR=ar
ac_cv_prog_ac_ct_CC=gcc
ac_cv_prog_ac_ct_CXX=g++
ac_cv_prog_ac_ct_OBJDUMP=objdump
ac_cv_prog_ac_ct_RANLIB=ranlib
ac_cv_prog_ac_ct_STRIP=strip
ac_cv_prog_cc_c89=
ac_cv_prog_cc_g=yes
ac_cv_prog_cc_gcc_c_o=yes
ac_cv_prog_cxx_g=yes
ac_cv_prog_make_make_set=yes
ac_cv_safe_to_define___extensions__=yes
ac_cv_target=x86_64-unknown-linux-gnu
am_cv_CC_dependencies_compiler_type=gcc3
am_cv_CXX_dependencies_compiler_type=gcc3
lt_cv_archive_cmds_need_lc=no
lt_cv_deplibs_check_method=pass_all
lt_cv_file_magic_cmd='$MAGIC_CMD'
lt_cv_file_magic_test_file=
lt_cv_ld_reload_flag=-r
lt_cv_nm_interface='BSD nm'
lt_cv_objdir=.libs
lt_cv_path_LD=/usr/bin/ld
lt_cv_path_LDCXX='/usr/bin/ld -m elf_x86_64'
lt_cv_path_NM='/usr/bin/nm -B'
lt_cv_prog_compiler_c_o=yes
lt_cv_prog_compiler_c_o_CXX=yes
lt_cv_prog_compiler_pic_works=yes
lt_cv_prog_compiler_pic_works_CXX=yes
lt_cv_prog_compiler_rtti_exceptions=no
lt_cv_prog_compiler_static_works=yes
lt_cv_prog_compiler_static_works_CXX=yes
lt_cv_prog_gnu_ld=yes
lt_cv_prog_gnu_ldcxx=yes
lt_cv_shlibpath_overrides_runpath=no
lt_cv_sys_global_symbol_pipe='sed -n -e '\''s/^.*[	 ]\([ABCDGIRSTW][ABCDGIRSTW]*\)[	 ][	 ]*\([_A-Za-z][_A-Za-z0-9]*\)$/\1 \2 \2/p'\'''
lt_cv_sys_global_symbol_to_c_name_address='sed -n -e '\''s/^: \([^ ]*\) $/  {\"\1\", (void *) 0},/p'\'' -e '\''s/^[ABCDGIRSTW]* \([^ ]*\) \([^ ]*\)$/  {"\2", (void *) \&\2},/p'\'''
lt_cv_sys_global_symbol_to_c_name_address_lib_prefix='sed -n -e '\''s/^: \([^ ]*\) $/  {\"\1\", (void *) 0},/p'\'' -e '\''s/^[ABCDGIRSTW]* \([^ ]*\) \(lib[^ ]*\)$/  {"\2", (void *) \&\2},/p'\'' -e '\''s/^[ABCDGIRSTW]* \([^ ]*\) \([^ ]*\)$/  {"lib\2", (void *) \&\2},/p'\'''
lt_cv_sys_global_symbol_to_cdecl='sed -n -e '\''s/^T .* \(.*\)$/extern int \1();/p'\'' -e '\''s/^[ABCDGIRSTW]* .* \(.*\)$/extern char \1;/p'\'''
lt_cv_sys_max_cmd_len=1572864

## ----------------- ##
## Output variables. ##
## ----------------- ##

ACLOCAL='${SHELL} /home/gherlein/src/filewatch/libconfig-1.4.8/aux-build/missing --run aclocal-1.11'
AMDEPBACKSLASH='\'
AMDEP_FALSE='#'
AMDEP_TRUE=''
AMTAR='${SHELL} /home/gherlein/src/filewatch/libconfig-1.4.8/aux-build/missing --run tar'
AR='ar'
AS='as'
AUTOCONF='${SHELL} /home/gherlein/src/filewatch/libconfig-1.4.8/aux-build/missing --run autoconf'
AUTOHEADER='${SHELL} /home/gherlein/src/filewatch/libconfig-1.4.8/aux-build/missing --run autoheader'
AUTOMAKE='${SHELL} /home/gherlein/src/filewatch/libconfig-1.4.8/aux-build/missing --run automake-1.11'
AWK='mawk'
BUILDCXX_FALSE='#'
BUILDCXX_TRUE=''
BUILDEXAMPLES_FALSE='#'
BUILDEXAMPLES_TRUE=''
CC='gcc'
CCDEPMODE='depmode=gcc3'
CFLAGS='-g -O2 -Wall -Wshadow -Wextra -Wdeclaration-after-statement -Wno-unused-parameter'
CPP='gcc -E'
CPPFLAGS=''
CXX='g++'
CXXCPP='g++ -E'
CXXDEPMODE='depmode=gcc3'
CXXFLAGS='-g -O2 -Wall -Wshadow -Wextra -Wno-unused-parameter'
CYGPATH_W='echo'
DEFS='-DHAVE_CONFIG_H'
DEPDIR='.deps'
DLLTOOL='dlltool'
DSYMUTIL=''
DUMPBIN=''
ECHO_C=''
ECHO_N='-n'
ECHO_T=''
EGREP='/bin/grep -E'
EXEEXT=''
FGREP='/bin/grep -F'
GNU_WIN_FALSE=''
GNU_WIN_TRUE='#'
GREP='/bin/grep'
INSTALL_DATA='${INSTALL} -m 644'
INSTALL_PROGRAM='${INSTALL}'
INSTALL_SCRIPT='${INSTALL}'
INSTALL_STRIP_PROGRAM='$(install_sh) -c -s'
LD='/usr/bin/ld -m elf_x86_64'
LDFLAGS=''
LEX='${SHELL} /home/gherlein/src/filewatch/libconfig-1.4.8/aux-build/missing --run flex'
LEXLIB=''
LEX_OUTPUT_ROOT=''
LIBOBJS=''
LIBS=''
LIBTOOL='$(SHELL) $(top_builddir)/libtool'
LIPO=''
LN_S='ln -s'
LTLIBOBJS=''
MAKEINFO='${SHELL} /home/gherlein/src/filewatch/libconfig-1.4.8/aux-build/missing --run makeinfo'
MKDIR_P='/bin/mkdir -p'
NM='/usr/bin/nm -B'
NMEDIT=''
OBJDUMP='objdump'
OBJEXT='o'
OTOOL64=''
OTOOL=''
PACKAGE='libconfig'
PACKAGE_BUGREPORT='hyperrealm@gmail.com'
PACKAGE_NAME='libconfig'
PACKAGE_STRING='libconfig 1.4.8'
PACKAGE_TARNAME='libconfig'
PACKAGE_URL='http://www.hyperrealm.com/main.php?s=libconfig'
PACKAGE_VERSION='1.4.8'
PATH_SEPARATOR=':'
RANLIB='ranlib'
SED='/bin/sed'
SET_MAKE=''
SHELL='/bin/bash'
STRIP='strip'
VERSION='1.4.8'
YACC='yacc'
YFLAGS=''
ac_ct_CC='gcc'
ac_ct_CXX='g++'
ac_ct_DUMPBIN=''
am__EXEEXT_FALSE=''
am__EXEEXT_TRUE='#'
am__fastdepCC_FALSE='#'
am__fastdepCC_TRUE=''
am__fastdepCXX_FALSE='#'
am__fastdepCXX_TRUE=''
am__include='include'
am__isrc=''
am__leading_dot='.'
am__quote=''
am__tar='${AMTAR} chof - "$$tardir"'
am__untar='${AMTAR} xf -'
bindir='${exec_prefix}/bin'
build='x86_64-unknown-linux-gnu'
build_alias=''
build_cpu='x86_64'
build_os='linux-gnu'
build_vendor='unknown'
datadir='${datarootdir}'
datarootdir='${prefix}/share'
docdir='${datarootdir}/doc/${PACKAGE_TARNAME}'
dvidir='${docdir}'
exec_prefix='${prefix}'
host='x86_64-unknown-linux-gnu'
host_alias=''
host_cpu='x86_64'
host_os='linux-gnu'
host_vendor='unknown'
htmldir='${docdir}'
includedir='${prefix}/include'
infodir='${datarootdir}/info'
install_sh='${SHELL} /home/gherlein/src/filewatch/libconfig-1.4.8/aux-build/install-sh'
libdir='${exec_prefix}/lib'
libexecdir='${exec_prefix}/libexec'
localedir='${datarootdir}/locale'
localstatedir='${prefix}/var'
mandir='${datarootdir}/man'
mkdir_p='/bin/mkdir -p'
oldincludedir='/usr/include'
pdfdir='${docdir}'
prefix='/usr/local'
program_transform_name='s,x,x,'
psdir='${docdir}'
sbindir='${exec_prefix}/sbin'
sharedstatedir='${prefix}/com'
sysconfdir='${prefix}/etc'
target='x86_64-unknown-linux-gnu'
target_alias=''
target_cpu='x86_64'
target_os='linux-gnu'
target_vendor='unknown'

## ----------- ##
## confdefs.h. ##
## ----------- ##

/* confdefs.h */
#define PACKAGE_NAME "libconfig"
#define PACKAGE_TARNAME "libconfig"
#define PACKAGE_VERSION "1.4.8"
#define PACKAGE_STRING "libconfig 1.4.8"
#define PACKAGE_BUGREPORT "hyperrealm@gmail.com"
#define PACKAGE_URL "http://www.hyperrealm.com/main.php?s=libconfig"
#define PACKAGE "libconfig"
#define VERSION "1.4.8"
#define TARGET "x86_64-unknown-linux-gnu"
#define STDC_HEADERS 1
#define HAVE_SYS_TYPES_H 1
#define HAVE_SYS_STAT_H 1
#define HAVE_STDLIB_H 1
#define HAVE_STRING_H 1
#define HAVE_MEMORY_H 1
#define HAVE_STRINGS_H 1
#define HAVE_INTTYPES_H 1
#define HAVE_STDINT_H 1
#define HAVE_UNISTD_H 1
#define __EXTENSIONS__ 1
#define _ALL_SOURCE 1
#define _GNU_SOURCE 1
#define _POSIX_PTHREAD_SEMANTICS 1
#define _TANDEM_SOURCE 1
#define HAVE_DLFCN_H 1
#define LT_OBJDIR ".libs/"
#define STDC_HEADERS 1
#define HAVE_UNISTD_H 1
#define HAVE_STDINT_H 1
#define HAVE_XLOCALE_H 1
#define HAVE_NEWLOCALE 1
#define HAVE_USELOCALE 1
#define HAVE_FREELOCALE 1

configure: exit 0
